level info: Sep-05-2023 20:51:17 	All passwords data found!
level info: Sep-06-2023 14:46:33 	Password generated successfully
level info: Sep-06-2023 14:46:44 	Password generated successfully
level info: Sep-06-2023 14:46:58 	Password generated successfully
level info: Sep-06-2023 14:47:09 	Password generated successfully
level info: Sep-06-2023 14:54:34 	Password added successfully!
level info: Sep-06-2023 14:55:17 	Password added successfully!
level info: Sep-06-2023 14:56:52 	Password added successfully!
level info: Sep-06-2023 14:57:20 	Password added successfully!
level info: Sep-06-2023 14:58:02 	Password added successfully!
level info: Sep-06-2023 14:58:36 	Password added successfully!
level info: Sep-06-2023 14:59:06 	Password added successfully!
level info: Sep-06-2023 14:59:43 	All passwords data found!
level info: Sep-06-2023 15:00:10 	Password is copied to clipboard.
level info: Sep-06-2023 15:00:19 	Password is copied to clipboard.
level info: Nov-26-2025 18:26:43 	All passwords data found!
level info: Nov-26-2025 18:27:19 	All passwords data found!
level info: Nov-26-2025 18:29:02 	All passwords data found!
level info: Nov-26-2025 18:31:01 	All passwords data found!
level info: Nov-26-2025 18:33:27 	All passwords data found!
level error: Nov-26-2025 18:33:40 	App password is incorrect.
level info: Nov-26-2025 18:33:56 	Password added successfully!
level info: Nov-26-2025 18:33:56 	All passwords data found!
level info: Nov-26-2025 18:34:13 	Password is copied to clipboard.
level error: Nov-26-2025 18:34:20 	App password is incorrect.
level info: Nov-26-2025 18:35:50 	All passwords data found!
level info: Nov-26-2025 18:36:47 	All passwords data found!
level info: Nov-26-2025 18:36:49 	All passwords data found!
level info: Nov-26-2025 18:37:07 	Password generated successfully
level info: Nov-26-2025 18:37:09 	Password generated successfully
level info: Nov-26-2025 18:37:10 	Password generated successfully
level info: Nov-26-2025 18:37:10 	Password generated successfully
level info: Nov-26-2025 18:37:10 	Password generated successfully
level info: Nov-26-2025 18:37:10 	Password generated successfully
level info: Nov-26-2025 18:37:11 	Password generated successfully
level info: Nov-26-2025 18:37:15 	All passwords data found!
level info: Nov-26-2025 18:39:08 	All passwords data found!
level info: Nov-26-2025 18:39:17 	Password has been removed successfully!
level info: Nov-26-2025 18:39:17 	All passwords data found!
level info: Nov-26-2025 18:39:18 	All passwords data found!
level info: Nov-26-2025 18:40:31 	All passwords data found!
level info: Nov-26-2025 18:40:34 	All passwords data found!
level info: Nov-26-2025 18:40:36 	All passwords data found!
level info: Nov-26-2025 18:40:37 	All passwords data found!
level info: Nov-26-2025 18:40:38 	All passwords data found!
level info: Nov-26-2025 18:40:42 	All passwords data found!
level info: Nov-26-2025 19:16:47 	Passwords retrieved for user: user_361Cgjw6V8gf3xvNpKnfZuAeMW1
level info: Nov-26-2025 19:17:00 	Passwords retrieved for user: user_361Cgjw6V8gf3xvNpKnfZuAeMW1
level info: Nov-26-2025 19:17:58 	Passwords retrieved for user: user_361Cgjw6V8gf3xvNpKnfZuAeMW1
level info: Nov-26-2025 19:25:42 	Passwords retrieved for user: user_361Cgjw6V8gf3xvNpKnfZuAeMW1
level info: Nov-26-2025 19:25:54 	Passwords retrieved for user: user_361Cgjw6V8gf3xvNpKnfZuAeMW1
level info: Nov-26-2025 19:26:01 	Passwords retrieved for user: user_361Cgjw6V8gf3xvNpKnfZuAeMW1
level info: Nov-26-2025 19:26:05 	Passwords retrieved for user: user_361Cgjw6V8gf3xvNpKnfZuAeMW1
level error: Nov-26-2025 19:26:35 	Error: Encryption failed: Invalid key length
level error: Nov-26-2025 19:26:43 	Error: Encryption failed: Invalid key length
level info: Nov-26-2025 19:28:09 	Passwords retrieved for user: user_361Cgjw6V8gf3xvNpKnfZuAeMW1
level error: Nov-26-2025 19:28:34 	Error: Encryption failed: Invalid key length
level info: Nov-26-2025 19:29:40 	Passwords retrieved for user: user_361Cgjw6V8gf3xvNpKnfZuAeMW1
level info: Nov-26-2025 19:29:59 	Password added for user: user_361Cgjw6V8gf3xvNpKnfZuAeMW1
level info: Nov-26-2025 19:29:59 	Passwords retrieved for user: user_361Cgjw6V8gf3xvNpKnfZuAeMW1
level info: Nov-26-2025 19:30:07 	Password viewed for user: user_361Cgjw6V8gf3xvNpKnfZuAeMW1
level info: Nov-26-2025 19:30:09 	Password viewed for user: user_361Cgjw6V8gf3xvNpKnfZuAeMW1
level info: Nov-26-2025 19:30:09 	Password viewed for user: user_361Cgjw6V8gf3xvNpKnfZuAeMW1
level info: Nov-26-2025 19:30:10 	Password viewed for user: user_361Cgjw6V8gf3xvNpKnfZuAeMW1
level info: Nov-26-2025 19:30:10 	Password viewed for user: user_361Cgjw6V8gf3xvNpKnfZuAeMW1
level info: Nov-26-2025 19:30:10 	Password viewed for user: user_361Cgjw6V8gf3xvNpKnfZuAeMW1
level info: Nov-26-2025 19:30:10 	Password viewed for user: user_361Cgjw6V8gf3xvNpKnfZuAeMW1
level info: Nov-26-2025 19:30:10 	Password viewed for user: user_361Cgjw6V8gf3xvNpKnfZuAeMW1
level info: Nov-26-2025 19:30:11 	Password viewed for user: user_361Cgjw6V8gf3xvNpKnfZuAeMW1
level info: Nov-26-2025 19:30:11 	Password viewed for user: user_361Cgjw6V8gf3xvNpKnfZuAeMW1
level info: Nov-26-2025 19:31:50 	Password viewed for user: user_361Cgjw6V8gf3xvNpKnfZuAeMW1
level info: Nov-26-2025 19:31:54 	Passwords retrieved for user: user_361Cgjw6V8gf3xvNpKnfZuAeMW1
level info: Nov-26-2025 19:31:55 	Password viewed for user: user_361Cgjw6V8gf3xvNpKnfZuAeMW1
level info: Nov-26-2025 19:32:03 	Passwords retrieved for user: user_361Cgjw6V8gf3xvNpKnfZuAeMW1
level info: Nov-26-2025 19:33:13 	Passwords retrieved for user: user_361Cgjw6V8gf3xvNpKnfZuAeMW1
level info: Nov-26-2025 19:33:16 	Passwords retrieved for user: user_361Cgjw6V8gf3xvNpKnfZuAeMW1
level info: Nov-26-2025 19:33:25 	Passwords retrieved for user: user_361Cgjw6V8gf3xvNpKnfZuAeMW1
level info: Nov-26-2025 19:33:43 	Passwords retrieved for user: user_361Cgjw6V8gf3xvNpKnfZuAeMW1
level info: Nov-26-2025 19:33:45 	Password viewed for user: user_361Cgjw6V8gf3xvNpKnfZuAeMW1
level info: Nov-26-2025 19:34:57 	Passwords retrieved for user: user_361Cgjw6V8gf3xvNpKnfZuAeMW1
level info: Nov-26-2025 19:35:08 	Password added for user: user_361Cgjw6V8gf3xvNpKnfZuAeMW1
level info: Nov-26-2025 19:35:08 	Passwords retrieved for user: user_361Cgjw6V8gf3xvNpKnfZuAeMW1
level info: Nov-26-2025 19:36:08 	Passwords retrieved for user: user_361Cgjw6V8gf3xvNpKnfZuAeMW1
level info: Nov-26-2025 19:36:22 	Passwords retrieved for user: user_361Cgjw6V8gf3xvNpKnfZuAeMW1
level info: Nov-26-2025 19:36:30 	Passwords retrieved for user: user_361Cgjw6V8gf3xvNpKnfZuAeMW1
level info: Nov-26-2025 19:37:59 	Passwords retrieved for user: user_361Cgjw6V8gf3xvNpKnfZuAeMW1
level info: Nov-26-2025 19:38:00 	Passwords retrieved for user: user_361Cgjw6V8gf3xvNpKnfZuAeMW1
level info: Nov-26-2025 19:38:03 	Passwords retrieved for user: user_361Cgjw6V8gf3xvNpKnfZuAeMW1
level info: Nov-26-2025 19:38:12 	Passwords retrieved for user: user_361Cgjw6V8gf3xvNpKnfZuAeMW1
level info: Nov-26-2025 19:38:16 	Password removed for user: user_361Cgjw6V8gf3xvNpKnfZuAeMW1
level info: Nov-26-2025 19:38:16 	Passwords retrieved for user: user_361Cgjw6V8gf3xvNpKnfZuAeMW1
level info: Nov-26-2025 19:38:19 	Password removed for user: user_361Cgjw6V8gf3xvNpKnfZuAeMW1
level info: Nov-26-2025 19:38:19 	Passwords retrieved for user: user_361Cgjw6V8gf3xvNpKnfZuAeMW1
level info: Nov-26-2025 19:38:40 	Passwords retrieved for user: user_361Cgjw6V8gf3xvNpKnfZuAeMW1
level info: Nov-26-2025 19:45:08 	Passwords retrieved for user: user_361Cgjw6V8gf3xvNpKnfZuAeMW1
level info: Nov-26-2025 19:45:15 	Passwords retrieved for user: user_361Cgjw6V8gf3xvNpKnfZuAeMW1
level info: Nov-26-2025 19:50:58 	Passwords retrieved for user: user_361Cgjw6V8gf3xvNpKnfZuAeMW1
level info: Nov-26-2025 19:51:01 	Passwords retrieved for user: user_361Cgjw6V8gf3xvNpKnfZuAeMW1
level info: Nov-26-2025 19:52:55 	Passwords retrieved for user: user_361Cgjw6V8gf3xvNpKnfZuAeMW1
level info: Nov-26-2025 19:58:40 	Passwords retrieved for user: user_361Cgjw6V8gf3xvNpKnfZuAeMW1
level info: Nov-26-2025 19:58:47 	Passwords retrieved for user: user_361Cgjw6V8gf3xvNpKnfZuAeMW1
level info: Nov-26-2025 20:03:23 	Passwords retrieved for user: user_361Cgjw6V8gf3xvNpKnfZuAeMW1
level info: Nov-26-2025 20:03:29 	Passwords retrieved for user: user_361Cgjw6V8gf3xvNpKnfZuAeMW1
level info: Nov-26-2025 20:03:36 	Passwords retrieved for user: user_361Cgjw6V8gf3xvNpKnfZuAeMW1
level info: Nov-26-2025 20:03:49 	Passwords retrieved for user: user_361Cgjw6V8gf3xvNpKnfZuAeMW1
level info: Nov-26-2025 20:09:13 	Passwords retrieved for user: user_361Cgjw6V8gf3xvNpKnfZuAeMW1
level info: Nov-26-2025 20:09:20 	Passwords retrieved for user: user_361Cgjw6V8gf3xvNpKnfZuAeMW1
level info: Nov-26-2025 20:11:20 	Passwords retrieved for user: user_361Cgjw6V8gf3xvNpKnfZuAeMW1
level info: Nov-26-2025 20:11:23 	Passwords retrieved for user: user_361Cgjw6V8gf3xvNpKnfZuAeMW1
level info: Nov-26-2025 20:11:28 	Passwords retrieved for user: user_361Cgjw6V8gf3xvNpKnfZuAeMW1
level info: Nov-26-2025 20:11:33 	Passwords retrieved for user: user_361Cgjw6V8gf3xvNpKnfZuAeMW1
level info: Nov-26-2025 20:11:37 	Passwords retrieved for user: user_361Cgjw6V8gf3xvNpKnfZuAeMW1
level info: Nov-26-2025 20:12:05 	Passwords retrieved for user: user_361Cgjw6V8gf3xvNpKnfZuAeMW1
level info: Nov-26-2025 20:14:10 	Passwords retrieved for user: user_361Cgjw6V8gf3xvNpKnfZuAeMW1
level info: Nov-26-2025 20:14:17 	Passwords retrieved for user: user_361Cgjw6V8gf3xvNpKnfZuAeMW1
level info: Nov-26-2025 20:14:21 	Passwords retrieved for user: user_361Cgjw6V8gf3xvNpKnfZuAeMW1
level info: Nov-26-2025 20:14:27 	Passwords retrieved for user: user_361Cgjw6V8gf3xvNpKnfZuAeMW1
level info: Nov-26-2025 20:14:30 	Passwords retrieved for user: user_361Cgjw6V8gf3xvNpKnfZuAeMW1
level info: Nov-26-2025 20:14:33 	Passwords retrieved for user: user_361Cgjw6V8gf3xvNpKnfZuAeMW1
level info: Nov-26-2025 20:18:25 	Password added for user: user_361Cgjw6V8gf3xvNpKnfZuAeMW1
level info: Nov-26-2025 20:18:25 	Passwords retrieved for user: user_361Cgjw6V8gf3xvNpKnfZuAeMW1
level info: Nov-26-2025 20:18:27 	Password viewed for user: user_361Cgjw6V8gf3xvNpKnfZuAeMW1
level info: Nov-26-2025 20:21:43 	Passwords retrieved for user: user_361Cgjw6V8gf3xvNpKnfZuAeMW1
level info: Nov-26-2025 20:21:46 	Password viewed for user: user_361Cgjw6V8gf3xvNpKnfZuAeMW1
level info: Nov-26-2025 20:21:54 	Passwords retrieved for user: user_361Cgjw6V8gf3xvNpKnfZuAeMW1
level info: Nov-26-2025 20:21:58 	Passwords retrieved for user: user_361Cgjw6V8gf3xvNpKnfZuAeMW1
level info: Nov-26-2025 20:24:56 	Passwords retrieved for user: user_361Cgjw6V8gf3xvNpKnfZuAeMW1
level info: Nov-26-2025 20:41:41 	Passwords retrieved for user: user_361Cgjw6V8gf3xvNpKnfZuAeMW1
level info: Nov-26-2025 20:41:44 	Passwords retrieved for user: user_361Cgjw6V8gf3xvNpKnfZuAeMW1
level info: Nov-26-2025 20:41:46 	Password viewed for user: user_361Cgjw6V8gf3xvNpKnfZuAeMW1
level info: Nov-26-2025 20:41:56 	Passwords retrieved for user: user_361Cgjw6V8gf3xvNpKnfZuAeMW1
level info: Nov-26-2025 20:42:43 	Passwords retrieved for user: user_361Cgjw6V8gf3xvNpKnfZuAeMW1
level info: Nov-26-2025 20:42:45 	Passwords retrieved for user: user_361Cgjw6V8gf3xvNpKnfZuAeMW1
level info: Nov-26-2025 20:43:03 	Passwords retrieved for user: user_361Cgjw6V8gf3xvNpKnfZuAeMW1
