level info: Sep-05-2023 20:37:11 	Server is running on 7000
level info: Sep-05-2023 20:37:12 	Mongoose is connected!
level info: Sep-05-2023 20:45:44 	Server is running on 7000
level info: Sep-05-2023 20:45:44 	Mongoose is connected!
level info: Sep-06-2023 14:44:21 	Server is running on 7000
level info: Sep-06-2023 14:44:21 	Mongoose is connected!
level info: Sep-06-2023 14:46:30 	Server is running on 7000
level info: Sep-06-2023 14:46:30 	Mongoose is connected!
level info: Sep-06-2023 14:53:44 	Server is running on 7000
level info: Sep-06-2023 14:53:44 	Mongoose is connected!
level info: Sep-06-2023 14:56:32 	Server is running on 7000
level info: Sep-06-2023 14:56:32 	Mongoose is connected!
level info: Sep-06-2023 15:01:30 	Server is running on 7000
level info: Sep-06-2023 15:01:30 	Mongoose is connected!
level info: Nov-26-2025 17:49:58 	Server is running on 6000
level info: Nov-26-2025 17:50:01 	Mongoose is connected!
level info: Nov-26-2025 17:52:24 	Server is running on 6000
level info: Nov-26-2025 17:52:25 	Mongoose is connected!
level info: Nov-26-2025 17:52:43 	Server is running on 6000
level info: Nov-26-2025 17:52:50 	Mongoose is connected!
level info: Nov-26-2025 17:55:40 	Server is running on 8000
level info: Nov-26-2025 17:55:43 	Mongoose is connected!
level info: Nov-26-2025 17:57:29 	Server is running on 6000
level info: Nov-26-2025 17:57:30 	Mongoose is connected!
level info: Nov-26-2025 18:20:00 	Server is running on 6000
level info: Nov-26-2025 18:20:00 	Mongoose is connected!
level info: Nov-26-2025 18:21:56 	Server is running on 3000
level info: Nov-26-2025 18:21:57 	Mongoose is connected!
level info: Nov-26-2025 18:22:18 	Server is running on 3000
level info: Nov-26-2025 18:22:20 	Mongoose is connected!
level info: Nov-26-2025 18:22:35 	Server is running on 3000
level info: Nov-26-2025 18:22:35 	Mongoose is connected!
level info: Nov-26-2025 18:22:51 	Server is running on 3000
level info: Nov-26-2025 18:22:51 	Mongoose is connected!
level info: Nov-26-2025 18:23:11 	Server is running on 3000
level info: Nov-26-2025 18:23:12 	Mongoose is connected!
level info: Nov-26-2025 18:25:35 	Server is running on 3000
level info: Nov-26-2025 18:25:36 	Mongoose is connected!
level info: Nov-26-2025 18:28:57 	Server is running on 3000
level info: Nov-26-2025 18:28:58 	Mongoose is connected!
level info: Nov-26-2025 18:30:08 	Server is running on 3000
level info: Nov-26-2025 18:30:09 	Mongoose is connected!
level info: Nov-26-2025 18:33:04 	Server is running on 3000
level info: Nov-26-2025 18:33:05 	Mongoose is connected!
level info: Nov-26-2025 18:33:15 	Server is running on 3000
level info: Nov-26-2025 18:33:17 	Server is running on 3000
level info: Nov-26-2025 18:33:17 	Mongoose is connected!
level info: Nov-26-2025 18:33:19 	Server is running on 3000
level info: Nov-26-2025 18:33:20 	Mongoose is connected!
level info: Nov-26-2025 18:38:10 	Server is running on 3000
level info: Nov-26-2025 18:38:17 	Mongoose is connected!
level info: Nov-26-2025 18:38:41 	Server is running on 3000
level info: Nov-26-2025 18:38:41 	Mongoose is connected!
level info: Nov-26-2025 18:38:55 	Server is running on 3000
level info: Nov-26-2025 18:38:56 	Mongoose is connected!
level info: Nov-26-2025 18:40:17 	Server is running on 3000
level info: Nov-26-2025 18:40:18 	Mongoose is connected!
level info: Nov-26-2025 18:40:30 	Server is running on 3000
level info: Nov-26-2025 18:40:31 	Mongoose is connected!
level info: Nov-26-2025 18:44:07 	Server is running on 3000
level info: Nov-26-2025 18:44:08 	Mongoose is connected!
level info: Nov-26-2025 18:44:28 	Server is running on 3000
level info: Nov-26-2025 18:44:29 	Mongoose is connected!
level info: Nov-26-2025 18:44:41 	Server is running on 3000
level info: Nov-26-2025 18:44:41 	Mongoose is connected!
level info: Nov-26-2025 18:44:53 	Server is running on 3000
level info: Nov-26-2025 18:44:56 	Mongoose is connected!
level info: Nov-26-2025 18:45:10 	Server is running on 3000
level info: Nov-26-2025 18:45:11 	Mongoose is connected!
level info: Nov-26-2025 18:45:44 	Server is running on 3000
level info: Nov-26-2025 18:45:45 	Mongoose is connected!
level info: Nov-26-2025 18:45:56 	Server is running on 3000
level info: Nov-26-2025 18:45:57 	Mongoose is connected!
level info: Nov-26-2025 18:46:08 	Server is running on 3000
level info: Nov-26-2025 18:46:09 	Mongoose is connected!
level info: Nov-26-2025 18:52:49 	Server is running on 3000
level info: Nov-26-2025 18:52:50 	Mongoose is connected!
level info: Nov-26-2025 19:04:17 	Server is running on 3000
level info: Nov-26-2025 19:04:19 	Mongoose is connected!
level info: Nov-26-2025 19:11:06 	Server is running on 3000
level info: Nov-26-2025 19:11:07 	Mongoose is connected!
level info: Nov-26-2025 19:18:23 	Server is running on 3000
level info: Nov-26-2025 19:18:24 	Mongoose is connected!
level info: Nov-26-2025 19:20:32 	Server is running on 3000
level info: Nov-26-2025 19:20:33 	Mongoose is connected!
level info: Nov-26-2025 19:20:54 	Server is running on 3000
level info: Nov-26-2025 19:20:55 	Mongoose is connected!
level info: Nov-26-2025 19:24:39 	Server is running on 3000
level info: Nov-26-2025 19:24:40 	Mongoose is connected!
level info: Nov-26-2025 19:25:33 	Server is running on 3000
level info: Nov-26-2025 19:25:34 	Mongoose is connected!
level info: Nov-26-2025 19:27:08 	Server is running on 3000
level info: Nov-26-2025 19:27:16 	Mongoose is connected!
level info: Nov-26-2025 19:27:26 	Server is running on 3000
level info: Nov-26-2025 19:27:26 	Mongoose is connected!
level info: Nov-26-2025 19:27:59 	Server is running on 3000
level info: Nov-26-2025 19:28:00 	Mongoose is connected!
level info: Nov-26-2025 19:29:34 	Server is running on 3000
level info: Nov-26-2025 19:29:35 	Mongoose is connected!
level info: Nov-26-2025 19:34:52 	Server is running on 3000
level info: Nov-26-2025 19:34:53 	Mongoose is connected!
level info: Nov-26-2025 19:44:51 	Server is running on 3000
level info: Nov-26-2025 19:44:54 	Mongoose is connected!
level info: Nov-26-2025 20:02:57 	Mongoose is connected!
level info: Nov-26-2025 20:26:03 	Server is running on 3000
level info: Nov-26-2025 20:26:04 	Mongoose is connected!
level info: Nov-26-2025 20:26:24 	Server is running on 3000
level info: Nov-26-2025 20:26:25 	Server is running on 3000
level info: Nov-26-2025 20:26:28 	Mongoose is connected!
level info: Nov-26-2025 20:26:32 	Server is running on 3000
level info: Nov-26-2025 20:26:33 	Mongoose is connected!
level info: Nov-26-2025 20:26:47 	Server is running on 3000
level info: Nov-26-2025 20:26:50 	Mongoose is connected!
level info: Nov-26-2025 20:41:13 	Server is running on 3000
level info: Nov-26-2025 20:41:14 	Mongoose is connected!
level info: Nov-26-2025 20:41:51 	Credit cards retrieved for user: user_361Cgjw6V8gf3xvNpKnfZuAeMW1
level info: Nov-26-2025 20:41:53 	Credit cards retrieved for user: user_361Cgjw6V8gf3xvNpKnfZuAeMW1
level info: Nov-26-2025 20:42:47 	Credit cards retrieved for user: user_361Cgjw6V8gf3xvNpKnfZuAeMW1
level info: Nov-26-2025 20:43:09 	Credit cards retrieved for user: user_361Cgjw6V8gf3xvNpKnfZuAeMW1
level info: Nov-26-2025 20:56:24 	Server is running on 3000
level info: Nov-26-2025 20:56:25 	Mongoose is connected!
level info: Nov-26-2025 20:56:40 	Credit cards retrieved for user: user_361Cgjw6V8gf3xvNpKnfZuAeMW1
level info: Nov-26-2025 20:56:43 	Credit cards retrieved for user: user_361Cgjw6V8gf3xvNpKnfZuAeMW1
level info: Nov-26-2025 20:56:45 	Credit cards retrieved for user: user_361Cgjw6V8gf3xvNpKnfZuAeMW1
level info: Nov-26-2025 20:56:53 	Credit cards retrieved for user: user_361Cgjw6V8gf3xvNpKnfZuAeMW1
level info: Nov-26-2025 21:04:44 	Server is running on 3000
level info: Nov-26-2025 21:04:47 	Mongoose is connected!
level info: Nov-26-2025 21:05:07 	Server is running on 3000
level info: Nov-26-2025 21:05:08 	Mongoose is connected!
level info: Nov-26-2025 21:05:21 	Server is running on 3000
level info: Nov-26-2025 21:05:21 	Mongoose is connected!
level info: Nov-26-2025 21:05:26 	Server is running on 3000
level info: Nov-26-2025 21:05:27 	Mongoose is connected!
level info: Nov-26-2025 21:07:06 	Server is running on 3000
level info: Nov-26-2025 21:07:08 	Server is running on 3000
level info: Nov-26-2025 21:07:11 	Mongoose is connected!
level info: Nov-26-2025 21:09:24 	Server is running on 3000
level info: Nov-26-2025 21:09:27 	Mongoose is connected!
level info: Nov-26-2025 21:09:32 	Server is running on 3000
level info: Nov-26-2025 21:09:33 	Mongoose is connected!
level info: Nov-26-2025 21:09:46 	Server is running on 3000
level info: Nov-26-2025 21:09:47 	Mongoose is connected!
level info: Nov-26-2025 21:11:31 	Server is running on 3000
level info: Nov-26-2025 21:11:32 	Mongoose is connected!
level info: Nov-26-2025 21:14:12 	Server is running on 3000
level info: Nov-26-2025 21:14:14 	Mongoose is connected!
level info: Nov-26-2025 21:14:26 	Server is running on 3000
level info: Nov-26-2025 21:14:29 	Mongoose is connected!
level info: Nov-26-2025 21:14:52 	Server is running on 3000
level info: Nov-26-2025 21:14:53 	Mongoose is connected!
level info: Nov-26-2025 21:15:00 	Server is running on 3000
level info: Nov-26-2025 21:15:01 	Mongoose is connected!
